<?xml version="1.0" encoding="UTF-8"?>
<!-- Generated by org.testng.reporters.JUnitReportReporter -->
<testsuite hostname="LAPTOP-1UNI7991" name="com.jira.tests.EditIssue" tests="1" failures="0" timestamp="13 Apr 2020 14:27:30 GMT" time="4.190" errors="0">
  <testcase name="verifyEditIssueTest" time="4.190" classname="com.jira.tests.EditIssue"/>
</testsuite> <!-- com.jira.tests.EditIssue -->
