<?xml version="1.0" encoding="UTF-8"?>
<!-- Generated by org.testng.reporters.JUnitReportReporter -->
<testsuite hostname="LAPTOP-1UNI7991" name="com.jira.tests.AttachmentAPIs.GetAttachmentDetails" tests="1" failures="0" timestamp="14 Apr 2020 13:59:38 GMT" time="4.354" errors="0">
  <testcase name="verifyGetAttachmentDetailsTest" time="4.354" classname="com.jira.tests.AttachmentAPIs.GetAttachmentDetails"/>
</testsuite> <!-- com.jira.tests.AttachmentAPIs.GetAttachmentDetails -->
