<?xml version="1.0" encoding="UTF-8"?>
<!-- Generated by org.testng.reporters.JUnitReportReporter -->
<testsuite hostname="LAPTOP-1UNI7991" name="com.jira.tests.DeleteIssue" tests="1" failures="0" timestamp="13 Apr 2020 14:21:00 GMT" time="3.640" errors="0">
  <testcase name="verifyDeleteIssueTest" time="3.640" classname="com.jira.tests.DeleteIssue"/>
</testsuite> <!-- com.jira.tests.DeleteIssue -->
