<?xml version="1.0" encoding="UTF-8"?>
<!-- Generated by org.testng.reporters.JUnitReportReporter -->
<testsuite hostname="LAPTOP-1UNI7991" name="com.jira.tests.AttachmentAPIs.DeleteAttachment" tests="1" failures="0" timestamp="14 Apr 2020 14:06:49 GMT" time="3.430" errors="0">
  <testcase name="verifyDeleteAttachmentTest" time="3.430" classname="com.jira.tests.AttachmentAPIs.DeleteAttachment"/>
</testsuite> <!-- com.jira.tests.AttachmentAPIs.DeleteAttachment -->
