<?xml version="1.0" encoding="UTF-8"?>
<!-- Generated by org.testng.reporters.JUnitReportReporter -->
<testsuite hostname="LAPTOP-1UNI7991" name="com.jira.tests.IssueAPIs.CreateIssue" tests="1" failures="0" timestamp="14 Apr 2020 17:55:06 GMT" time="4.780" errors="0">
  <testcase name="verifyCreateIssueTest" time="4.780" classname="com.jira.tests.IssueAPIs.CreateIssue"/>
</testsuite> <!-- com.jira.tests.IssueAPIs.CreateIssue -->
