<?xml version="1.0" encoding="UTF-8"?>
<!-- Generated by org.testng.reporters.JUnitReportReporter -->
<testsuite hostname="LAPTOP-1UNI7991" name="com.jira.tests.CreateIssue" tests="1" failures="0" timestamp="12 Apr 2020 13:34:47 GMT" time="5.643" errors="0">
  <testcase name="verifyCreateIssueTest" time="5.643" classname="com.jira.tests.CreateIssue"/>
</testsuite> <!-- com.jira.tests.CreateIssue -->
