<?xml version="1.0" encoding="UTF-8"?>
<!-- Generated by org.testng.reporters.JUnitReportReporter -->
<testsuite hostname="LAPTOP-1UNI7991" name="com.jira.test.AuthenticationAPIs.CookieBasedAuth" tests="1" failures="0" timestamp="14 Apr 2020 17:12:15 GMT" time="3.072" errors="0">
  <testcase name="verifyCookieAuthAPI" time="3.072" classname="com.jira.test.AuthenticationAPIs.CookieBasedAuth"/>
</testsuite> <!-- com.jira.test.AuthenticationAPIs.CookieBasedAuth -->
