<?xml version="1.0" encoding="UTF-8"?>
<!-- Generated by org.testng.reporters.JUnitReportReporter -->
<testsuite hostname="LAPTOP-1UNI7991" name="com.jira.tests.IssueAPIs.DeleteIssue" tests="1" failures="0" timestamp="13 Apr 2020 15:27:21 GMT" time="3.739" errors="0">
  <testcase name="verifyDeleteIssueTest" time="3.739" classname="com.jira.tests.IssueAPIs.DeleteIssue"/>
</testsuite> <!-- com.jira.tests.IssueAPIs.DeleteIssue -->
