<?xml version="1.0" encoding="UTF-8"?>
<!-- Generated by org.testng.reporters.JUnitReportReporter -->
<testsuite hostname="LAPTOP-1UNI7991" name="com.jira.tests.GetIssueDetails" tests="1" failures="0" timestamp="12 Apr 2020 13:34:47 GMT" time="0.280" errors="0">
  <testcase name="verifyGetIssue" time="0.280" classname="com.jira.tests.GetIssueDetails"/>
</testsuite> <!-- com.jira.tests.GetIssueDetails -->
