<?xml version="1.0" encoding="UTF-8"?>
<!-- Generated by org.testng.reporters.JUnitReportReporter -->
<testsuite hostname="LAPTOP-1UNI7991" name="com.jira.tests.AttachmentAPIs.AddAttachment" tests="1" failures="0" timestamp="14 Apr 2020 18:44:31 GMT" time="0.368" errors="0">
  <testcase name="verifyAddAttachmentTest" time="0.368" classname="com.jira.tests.AttachmentAPIs.AddAttachment"/>
</testsuite> <!-- com.jira.tests.AttachmentAPIs.AddAttachment -->
