<?xml version="1.0" encoding="UTF-8"?>
<!-- Generated by org.testng.reporters.JUnitReportReporter -->
<testsuite hostname="LAPTOP-1UNI7991" name="com.jira.tests.CommentAPIs.DeleteComment" tests="1" failures="0" timestamp="14 Apr 2020 12:52:58 GMT" time="3.894" errors="0">
  <testcase name="verifyDeleteCommentTest" time="3.894" classname="com.jira.tests.CommentAPIs.DeleteComment"/>
</testsuite> <!-- com.jira.tests.CommentAPIs.DeleteComment -->
